<?xml version="1.0" encoding="UTF-8"?>
<!-- Generated by org.testng.reporters.JUnitReportReporter -->
<testsuite hostname="m-c02f62usmd6n" failures="0" tests="4" name="assignment8.Assignment8" time="36.305" errors="0" timestamp="2023-02-19T09:52:22 IST" skipped="0">
  <testcase classname="assignment8.Assignment8" name="verifyLinkTexts" time="11.293"/>
  <system-out>
    <![CDATA[Open the facebook page
Number of link textx are::43
Find webelement for create page link text
click on create page link text
Verify create page is opened]]>
  </system-out>
  <testcase classname="assignment8.Assignment8" name="verifyText" time="4.480"/>
  <system-out>
    <![CDATA[Open the facebook page
Facebook helps you connect and share with the people in your life.]]>
  </system-out>
  <testcase classname="assignment8.Assignment8" name="verifyCreateAccountUsingCss" time="10.054"/>
  <system-out>
    <![CDATA[Open the facebook page
Click on create account
Verify sign up screen is opened
Enter first name
Enter last name
Enter email id
Enter password
Select birthday day
Select birthday month
Select birthday year
Select gender radio button
Click on sign up button]]>
  </system-out>
  <testcase classname="assignment8.Assignment8" name="verifyCreateAccountUsingXpath" time="10.478"/>
  <system-out>
    <![CDATA[Open the facebook page
Click on create account
Verify sign up screen is opened
Enter first name
Enter last name
Enter email id
Enter password
Select birthday day
Select birthday month
Select birthday year
Select gender radio button
Click on sign up button]]>
  </system-out>
</testsuite> <!-- assignment8.Assignment8 -->
