<?xml version="1.0" encoding="UTF-8"?>
<!-- Generated by org.testng.reporters.JUnitReportReporter -->
<testsuite hostname="m-c02f62usmd6n" failures="0" tests="1" name="assignment11.Assignment11" time="25.050" errors="0" timestamp="2023-02-18T14:05:44 IST" skipped="0">
  <testcase classname="assignment11.Assignment11" name="verifyWait" time="25.050"/>
  <system-out>
    <![CDATA[click on timer
Wait for text webdriver to be visible
Text displayed on screen is ::WebDriver]]>
  </system-out>
</testsuite> <!-- assignment11.Assignment11 -->
