<?xml version="1.0" encoding="UTF-8"?>
<!-- Generated by org.testng.reporters.JUnitReportReporter -->
<testsuite hostname="m-c02f62usmd6n" failures="0" tests="1" name="assignment9.Assignment9" time="7.897" errors="0" timestamp="2023-02-13T06:21:51 IST" skipped="0">
  <testcase classname="assignment9.Assignment9" name="verifyUserCreation" time="7.897"/>
  <system-out>
    <![CDATA[Launch the website
Verify signup button is disabled
Fill in all details]]>
  </system-out>
</testsuite> <!-- assignment9.Assignment9 -->
